<?xml version="1.0" encoding="UTF-8"?>
<!-- Generated by org.testng.reporters.JUnitReportReporter -->
<testsuite hostname="ADMINRG-30K4P9J" failures="0" tests="1" name="test.java.testrunner.TestRunner" time="7.137" errors="0" timestamp="2021-10-25T11:48:19 EET" skipped="0">
  <testcase classname="test.java.testrunner.TestRunner" name="runScenario" time="7.137"/>
  <system-out/>
</testsuite> <!-- test.java.testrunner.TestRunner -->
