<?xml version="1.0" encoding="UTF-8"?>
<!-- Generated by org.testng.reporters.JUnitReportReporter -->
<testsuite hostname="ADMINRG-30K4P9J" failures="0" tests="1" name="test.java.testrunner.TestRunner" time="8.635" errors="0" timestamp="2021-10-25T12:49:20 EET" skipped="0">
  <testcase classname="test.java.testrunner.TestRunner" name="runScenario" time="8.635"/>
  <system-out/>
</testsuite> <!-- test.java.testrunner.TestRunner -->
