<?xml version="1.0" encoding="UTF-8"?>
<!-- Generated by org.testng.reporters.JUnitReportReporter -->
<testsuite hostname="ADMINRG-30K4P9J" failures="0" tests="1" name="testrunner.TestRunner" time="4.788" errors="0" timestamp="22 Oct 2021 16:57:35 GMT" skipped="0">
  <testcase classname="testrunner.TestRunner" name="runScenario" time="4.788"/>
</testsuite> <!-- testrunner.TestRunner -->
