<?xml version="1.0" encoding="UTF-8"?>
<!-- Generated by org.testng.reporters.JUnitReportReporter -->
<testsuite hostname="ADMINRG-30K4P9J" failures="0" tests="1" name="test.java.testrunner.TestRunner" time="5.243" errors="0" timestamp="2021-10-24T20:58:47 EET" skipped="0">
  <testcase classname="test.java.testrunner.TestRunner" name="runScenario" time="5.243"/>
  <system-out/>
</testsuite> <!-- test.java.testrunner.TestRunner -->
