<?xml version="1.0" encoding="UTF-8"?>
<!-- Generated by org.testng.reporters.JUnitReportReporter -->
<testsuite hostname="ADMINRG-30K4P9J" failures="0" tests="1" name="test.java.TestingPackage.TestRunner" time="5.686" errors="0" timestamp="2021-10-25T13:08:47 EET" skipped="0">
  <testcase classname="test.java.TestingPackage.TestRunner" name="runScenario" time="5.686"/>
  <system-out/>
</testsuite> <!-- test.java.TestingPackage.TestRunner -->
