<?xml version="1.0" encoding="UTF-8"?>
<!-- Generated by org.testng.reporters.JUnitReportReporter -->
<testsuite hostname="ADMINRG-30K4P9J" failures="0" tests="1" name="testrunner.TestRunner" time="6.184" errors="0" timestamp="2021-10-24T18:25:18 EET" skipped="0">
  <testcase classname="testrunner.TestRunner" name="runScenario" time="6.184"/>
  <system-out/>
</testsuite> <!-- testrunner.TestRunner -->
