<?xml version="1.0" encoding="UTF-8"?>
<!-- Generated by org.testng.reporters.JUnitReportReporter -->
<testsuite hostname="ADMINRG-30K4P9J" failures="0" tests="1" name="test.java.Runners.TestRunner" time="8.508" errors="0" timestamp="2021-10-25T13:34:15 EET" skipped="0">
  <testcase classname="test.java.Runners.TestRunner" name="runScenario" time="8.508"/>
  <system-out/>
</testsuite> <!-- test.java.Runners.TestRunner -->
